2024-01-21 17:58:29 [INFO] Starting minecraft server version Beta 1.7.3
2024-01-21 17:58:29 [INFO] Loading properties
2024-01-21 17:58:29 [WARNING] server.properties does not exist
2024-01-21 17:58:29 [INFO] Generating new properties file
2024-01-21 17:58:29 [INFO] Starting Minecraft server on *:25565
2024-01-21 17:58:29 [INFO] This server is running Craftbukkit version git-Bukkit-0.0.0-980-g4ed23b1-b1060jnks (MC: 1.7.3)
2024-01-21 17:58:29 [WARNING] Failed to load ban list: java.io.FileNotFoundException: banned-players.txt (No such file or directory)
2024-01-21 17:58:29 [WARNING] Failed to load ip ban list: java.io.FileNotFoundException: banned-ips.txt (No such file or directory)
2024-01-21 17:58:29 [WARNING] Failed to load ops: java.io.FileNotFoundException: ops.txt (No such file or directory)
2024-01-21 17:58:29 [WARNING] Failed to load white-list: java.io.FileNotFoundException: white-list.txt (No such file or directory)
2024-01-21 17:58:29 [INFO] Preparing level "world"
2024-01-21 17:58:30 [INFO] Preparing start region for level 0 (Seed: 5820384160554857843)
2024-01-21 17:58:31 [INFO] Preparing spawn area: 8%
2024-01-21 17:58:32 [INFO] Preparing spawn area: 16%
2024-01-21 17:58:33 [INFO] Preparing spawn area: 20%
2024-01-21 17:58:34 [INFO] Preparing spawn area: 28%
2024-01-21 17:58:35 [INFO] Preparing spawn area: 36%
2024-01-21 17:58:36 [INFO] Preparing spawn area: 44%
2024-01-21 17:58:37 [INFO] Preparing spawn area: 56%
2024-01-21 17:58:38 [INFO] Preparing spawn area: 61%
2024-01-21 17:58:39 [INFO] Preparing spawn area: 73%
2024-01-21 17:58:40 [INFO] Preparing spawn area: 89%
2024-01-21 17:58:40 [INFO] Preparing start region for level 1 (Seed: 5820384160554857843)
2024-01-21 17:58:41 [INFO] Preparing spawn area: 3%
2024-01-21 17:58:42 [INFO] Preparing spawn area: 4%
2024-01-21 17:58:43 [INFO] Preparing spawn area: 8%
2024-01-21 17:58:44 [INFO] Preparing spawn area: 12%
2024-01-21 17:58:45 [INFO] Preparing spawn area: 20%
2024-01-21 17:58:46 [INFO] Preparing spawn area: 24%
2024-01-21 17:58:47 [INFO] Preparing spawn area: 28%
2024-01-21 17:58:49 [INFO] Preparing spawn area: 36%
2024-01-21 17:58:50 [INFO] Preparing spawn area: 44%
2024-01-21 17:58:51 [INFO] Preparing spawn area: 48%
2024-01-21 17:58:52 [INFO] Preparing spawn area: 56%
2024-01-21 17:58:53 [INFO] Preparing spawn area: 60%
2024-01-21 17:58:54 [INFO] Preparing spawn area: 65%
2024-01-21 17:58:55 [INFO] Preparing spawn area: 69%
2024-01-21 17:58:56 [INFO] Preparing spawn area: 73%
2024-01-21 17:58:58 [INFO] Preparing spawn area: 73%
2024-01-21 17:58:59 [INFO] Preparing spawn area: 77%
2024-01-21 17:59:00 [INFO] Preparing spawn area: 81%
2024-01-21 17:59:01 [INFO] Preparing spawn area: 85%
2024-01-21 17:59:02 [INFO] Preparing spawn area: 89%
2024-01-21 17:59:03 [INFO] Preparing spawn area: 93%
2024-01-21 17:59:04 [INFO] Preparing spawn area: 97%
2024-01-21 17:59:05 [INFO] Done (3.563s)! For help, type "help" or "?"
2024-01-21 17:59:10 [INFO] Stopping the server..
2024-01-21 17:59:10 [INFO] Stopping server
2024-01-21 17:59:10 [INFO] Saving chunks
2024-01-21 17:59:12 [INFO] Stopping server
